<?xml version="1.0" encoding="UTF-8"?>
<!-- Generated by org.testng.reporters.JUnitReportReporter -->
<testsuite skipped="0" hostname="DESKTOP-46B8S40" name="SamvaadQA.com.SamvaadTest2.TestClass" tests="1" failures="0" timestamp="2021-01-08T10:47:04 IST" time="211.314" errors="0">
  <testcase name="loginTest" time="211.314" classname="SamvaadQA.com.SamvaadTest2.TestClass"/>
  <system-out/>
</testsuite> <!-- SamvaadQA.com.SamvaadTest2.TestClass -->
