<?xml version="1.0" encoding="UTF-8"?>
<!-- Generated by org.testng.reporters.JUnitReportReporter -->
<testsuite skipped="0" hostname="DESKTOP-46B8S40" name="SamvaadQA.com.SamvaadTest2.TestClass" tests="1" failures="0" timestamp="2020-12-15T16:37:38 IST" time="34.536" errors="0">
  <testcase name="loginTest" time="34.536" classname="SamvaadQA.com.SamvaadTest2.TestClass"/>
  <system-out/>
</testsuite> <!-- SamvaadQA.com.SamvaadTest2.TestClass -->
